# JRE version: OpenJDK Runtime Environment Temurin-21.0.11+10 (21.0.11+10) (build 21.0.11+10-LTS)
# Java VM: OpenJDK 64-Bit Server VM Temurin-21.0.11+10 (21.0.11+10-LTS, mixed mode, sharing, tiered, compressed oops, compressed class ptrs, parallel gc, windows-amd64)
GC Precious Log:
 CardTable entry size: 512
 CPUs: 8 total, 8 available
 Memory: 3863M
 Large Page Support: Disabled
 NUMA Support: Disabled
 Compressed Oops: Enabled (32-bit)
 Alignments: Space 512K, Generation 512K, Heap 2M
 Heap Min Capacity: 100M
 Heap Initial Capacity: 100M
 Heap Max Capacity: 2G
 Pre-touch: Disabled
 Parallel Workers: 8
Heap:
 PSYoungGen      total 2560K, used 1440K [0x00000000d5580000, 0x00000000d5880000, 0x0000000100000000)
  eden space 2048K, 60% used [0x00000000d5580000,0x00000000d56b82c0,0x00000000d5780000)
  from space 512K, 37% used [0x00000000d5800000,0x00000000d5830000,0x00000000d5880000)
  to   space 512K, 0% used [0x00000000d5780000,0x00000000d5780000,0x00000000d5800000)
 ParOldGen       total 250880K, used 250753K [0x0000000080000000, 0x000000008f500000, 0x00000000d5580000)
  object space 250880K, 99% used [0x0000000080000000,0x000000008f4e04c0,0x000000008f500000)
 Metaspace       used 83493K, committed 85312K, reserved 1179648K
  class space    used 8064K, committed 8896K, reserved 1048576K
GC Heap History (20 events):
Event: 11594.120 GC heap before
{Heap before GC invocations=3786 (full 9):
 PSYoungGen      total 2560K, used 2400K [0x00000000d5580000, 0x00000000d5880000, 0x0000000100000000)
  eden space 2048K, 100% used [0x00000000d5580000,0x00000000d5780000,0x00000000d5780000)
  from space 512K, 68% used [0x00000000d5800000,0x00000000d5858000,0x00000000d5880000)
  to   space 512K, 0% used [0x00000000d5780000,0x00000000d5780000,0x00000000d5800000)
 ParOldGen       total 248832K, used 248571K [0x0000000080000000, 0x000000008f300000, 0x00000000d5580000)
  object space 248832K, 99% used [0x0000000080000000,0x000000008f2bed98,0x000000008f300000)
 Metaspace       used 83486K, committed 85312K, reserved 1179648K
  class space    used 8064K, committed 8896K, reserved 1048576K
}
Event: 11594.124 GC heap after
{Heap after GC invocations=3786 (full 9):
 PSYoungGen      total 2560K, used 352K [0x00000000d5580000, 0x00000000d5880000, 0x0000000100000000)
  eden space 2048K, 0% used [0x00000000d5580000,0x00000000d5580000,0x00000000d5780000)
  from space 512K, 68% used [0x00000000d5780000,0x00000000d57d8000,0x00000000d5800000)
  to   space 512K, 0% used [0x00000000d5800000,0x00000000d5800000,0x00000000d5880000)
 ParOldGen       total 248832K, used 248795K [0x0000000080000000, 0x000000008f300000, 0x00000000d5580000)
  object space 248832K, 99% used [0x0000000080000000,0x000000008f2f6d98,0x000000008f300000)
 Metaspace       used 83486K, committed 85312K, reserved 1179648K
  class space    used 8064K, committed 8896K, reserved 1048576K
}
Event: 11594.158 GC heap before
{Heap before GC invocations=3787 (full 9):
 PSYoungGen      total 2560K, used 2400K [0x00000000d5580000, 0x00000000d5880000, 0x0000000100000000)
  eden space 2048K, 100% used [0x00000000d5580000,0x00000000d5780000,0x00000000d5780000)
  from space 512K, 68% used [0x00000000d5780000,0x00000000d57d8000,0x00000000d5800000)
  to   space 512K, 0% used [0x00000000d5800000,0x00000000d5800000,0x00000000d5880000)
 ParOldGen       total 248832K, used 248795K [0x0000000080000000, 0x000000008f300000, 0x00000000d5580000)
  object space 248832K, 99% used [0x0000000080000000,0x000000008f2f6d98,0x000000008f300000)
 Metaspace       used 83486K, committed 85312K, reserved 1179648K
  class space    used 8064K, committed 8896K, reserved 1048576K
}
Event: 11594.162 GC heap after
{Heap after GC invocations=3787 (full 9):
 PSYoungGen      total 2560K, used 320K [0x00000000d5580000, 0x00000000d5880000, 0x0000000100000000)
  eden space 2048K, 0% used [0x00000000d5580000,0x00000000d5580000,0x00000000d5780000)
  from space 512K, 62% used [0x00000000d5800000,0x00000000d5850000,0x00000000d5880000)
  to   space 512K, 0% used [0x00000000d5780000,0x00000000d5780000,0x00000000d5800000)
 ParOldGen       total 249344K, used 248971K [0x0000000080000000, 0x000000008f380000, 0x00000000d5580000)
  object space 249344K, 99% used [0x0000000080000000,0x000000008f322db8,0x000000008f380000)
 Metaspace       used 83486K, committed 85312K, reserved 1179648K
  class space    used 8064K, committed 8896K, reserved 1048576K
}
Event: 11594.202 GC heap before
{Heap before GC invocations=3788 (full 9):
 PSYoungGen      total 2560K, used 2368K [0x00000000d5580000, 0x00000000d5880000, 0x0000000100000000)
  eden space 2048K, 100% used [0x00000000d5580000,0x00000000d5780000,0x00000000d5780000)
  from space 512K, 62% used [0x00000000d5800000,0x00000000d5850000,0x00000000d5880000)
  to   space 512K, 0% used [0x00000000d5780000,0x00000000d5780000,0x00000000d5800000)
 ParOldGen       total 249344K, used 248971K [0x0000000080000000, 0x000000008f380000, 0x00000000d5580000)
  object space 249344K, 99% used [0x0000000080000000,0x000000008f322db8,0x000000008f380000)
 Metaspace       used 83486K, committed 85312K, reserved 1179648K
  class space    used 8064K, committed 8896K, reserved 1048576K
}
Event: 11594.207 GC heap after
{Heap after GC invocations=3788 (full 9):
 PSYoungGen      total 2560K, used 352K [0x00000000d5580000, 0x00000000d5880000, 0x0000000100000000)
  eden space 2048K, 0% used [0x00000000d5580000,0x00000000d5580000,0x00000000d5780000)
  from space 512K, 68% used [0x00000000d5780000,0x00000000d57d8000,0x00000000d5800000)
  to   space 512K, 0% used [0x00000000d5800000,0x00000000d5800000,0x00000000d5880000)
 ParOldGen       total 249344K, used 249159K [0x0000000080000000, 0x000000008f380000, 0x00000000d5580000)
  object space 249344K, 99% used [0x0000000080000000,0x000000008f351de8,0x000000008f380000)
 Metaspace       used 83486K, committed 85312K, reserved 1179648K
  class space    used 8064K, committed 8896K, reserved 1048576K
}
Event: 11594.257 GC heap before
{Heap before GC invocations=3789 (full 9):
 PSYoungGen      total 2560K, used 2400K [0x00000000d5580000, 0x00000000d5880000, 0x0000000100000000)
  eden space 2048K, 100% used [0x00000000d5580000,0x00000000d5780000,0x00000000d5780000)
  from space 512K, 68% used [0x00000000d5780000,0x00000000d57d8000,0x00000000d5800000)
  to   space 512K, 0% used [0x00000000d5800000,0x00000000d5800000,0x00000000d5880000)
 ParOldGen       total 249344K, used 249159K [0x0000000080000000, 0x000000008f380000, 0x00000000d5580000)
  object space 249344K, 99% used [0x0000000080000000,0x000000008f351de8,0x000000008f380000)
 Metaspace       used 83486K, committed 85312K, reserved 1179648K
  class space    used 8064K, committed 8896K, reserved 1048576K
}
Event: 11594.259 GC heap after
{Heap after GC invocations=3789 (full 9):
 PSYoungGen      total 2560K, used 448K [0x00000000d5580000, 0x00000000d5880000, 0x0000000100000000)
  eden space 2048K, 0% used [0x00000000d5580000,0x00000000d5580000,0x00000000d5780000)
  from space 512K, 87% used [0x00000000d5800000,0x00000000d5870000,0x00000000d5880000)
  to   space 512K, 0% used [0x00000000d5780000,0x00000000d5780000,0x00000000d5800000)
 ParOldGen       total 249856K, used 249391K [0x0000000080000000, 0x000000008f400000, 0x00000000d5580000)
  object space 249856K, 99% used [0x0000000080000000,0x000000008f38be08,0x000000008f400000)
 Metaspace       used 83486K, committed 85312K, reserved 1179648K
  class space    used 8064K, committed 8896K, reserved 1048576K
}
Event: 11594.310 GC heap before
{Heap before GC invocations=3790 (full 9):
 PSYoungGen      total 2560K, used 2496K [0x00000000d5580000, 0x00000000d5880000, 0x0000000100000000)
  eden space 2048K, 100% used [0x00000000d5580000,0x00000000d5780000,0x00000000d5780000)
  from space 512K, 87% used [0x00000000d5800000,0x00000000d5870000,0x00000000d5880000)
  to   space 512K, 0% used [0x00000000d5780000,0x00000000d5780000,0x00000000d5800000)
 ParOldGen       total 249856K, used 249391K [0x0000000080000000, 0x000000008f400000, 0x00000000d5580000)
  object space 249856K, 99% used [0x0000000080000000,0x000000008f38be08,0x000000008f400000)
 Metaspace       used 83486K, committed 85312K, reserved 1179648K
  class space    used 8064K, committed 8896K, reserved 1048576K
}
Event: 11594.312 GC heap after
{Heap after GC invocations=3790 (full 9):
 PSYoungGen      total 2560K, used 352K [0x00000000d5580000, 0x00000000d5880000, 0x0000000100000000)
  eden space 2048K, 0% used [0x00000000d5580000,0x00000000d5580000,0x00000000d5780000)
  from space 512K, 68% used [0x00000000d5780000,0x00000000d57d8000,0x00000000d5800000)
  to   space 512K, 0% used [0x00000000d5800000,0x00000000d5800000,0x00000000d5880000)
 ParOldGen       total 249856K, used 249659K [0x0000000080000000, 0x000000008f400000, 0x00000000d5580000)
  object space 249856K, 99% used [0x0000000080000000,0x000000008f3cee18,0x000000008f400000)
 Metaspace       used 83486K, committed 85312K, reserved 1179648K
  class space    used 8064K, committed 8896K, reserved 1048576K
}
Event: 11594.321 GC heap before
{Heap before GC invocations=3791 (full 9):
 PSYoungGen      total 2560K, used 2400K [0x00000000d5580000, 0x00000000d5880000, 0x0000000100000000)
  eden space 2048K, 100% used [0x00000000d5580000,0x00000000d5780000,0x00000000d5780000)
  from space 512K, 68% used [0x00000000d5780000,0x00000000d57d8000,0x00000000d5800000)
  to   space 512K, 0% used [0x00000000d5800000,0x00000000d5800000,0x00000000d5880000)
 ParOldGen       total 249856K, used 249659K [0x0000000080000000, 0x000000008f400000, 0x00000000d5580000)
  object space 249856K, 99% used [0x0000000080000000,0x000000008f3cee18,0x000000008f400000)
 Metaspace       used 83486K, committed 85312K, reserved 1179648K
  class space    used 8064K, committed 8896K, reserved 1048576K
}
Event: 11594.325 GC heap after
{Heap after GC invocations=3791 (full 9):
 PSYoungGen      total 2560K, used 352K [0x00000000d5580000, 0x00000000d5880000, 0x0000000100000000)
  eden space 2048K, 0% used [0x00000000d5580000,0x00000000d5580000,0x00000000d5780000)
  from space 512K, 68% used [0x00000000d5800000,0x00000000d5858000,0x00000000d5880000)
  to   space 512K, 0% used [0x00000000d5780000,0x00000000d5780000,0x00000000d5800000)
 ParOldGen       total 250368K, used 249944K [0x0000000080000000, 0x000000008f480000, 0x00000000d5580000)
  object space 250368K, 99% used [0x0000000080000000,0x000000008f416238,0x000000008f480000)
 Metaspace       used 83486K, committed 85312K, reserved 1179648K
  class space    used 8064K, committed 8896K, reserved 1048576K
}
Event: 11594.360 GC heap before
{Heap before GC invocations=3792 (full 9):
 PSYoungGen      total 2560K, used 2400K [0x00000000d5580000, 0x00000000d5880000, 0x0000000100000000)
  eden space 2048K, 100% used [0x00000000d5580000,0x00000000d5780000,0x00000000d5780000)
  from space 512K, 68% used [0x00000000d5800000,0x00000000d5858000,0x00000000d5880000)
  to   space 512K, 0% used [0x00000000d5780000,0x00000000d5780000,0x00000000d5800000)
 ParOldGen       total 250368K, used 249944K [0x0000000080000000, 0x000000008f480000, 0x00000000d5580000)
  object space 250368K, 99% used [0x0000000080000000,0x000000008f416238,0x000000008f480000)
 Metaspace       used 83486K, committed 85312K, reserved 1179648K
  class space    used 8064K, committed 8896K, reserved 1048576K
}
Event: 11594.364 GC heap after
{Heap after GC invocations=3792 (full 9):
 PSYoungGen      total 2560K, used 448K [0x00000000d5580000, 0x00000000d5880000, 0x0000000100000000)
  eden space 2048K, 0% used [0x00000000d5580000,0x00000000d5580000,0x00000000d5780000)
  from space 512K, 87% used [0x00000000d5780000,0x00000000d57f0000,0x00000000d5800000)
  to   space 512K, 0% used [0x00000000d5800000,0x00000000d5800000,0x00000000d5880000)
 ParOldGen       total 250368K, used 250128K [0x0000000080000000, 0x000000008f480000, 0x00000000d5580000)
  object space 250368K, 99% used [0x0000000080000000,0x000000008f444258,0x000000008f480000)
 Metaspace       used 83486K, committed 85312K, reserved 1179648K
  class space    used 8064K, committed 8896K, reserved 1048576K
}
Event: 11594.402 GC heap before
{Heap before GC invocations=3793 (full 9):
 PSYoungGen      total 2560K, used 2496K [0x00000000d5580000, 0x00000000d5880000, 0x0000000100000000)
  eden space 2048K, 100% used [0x00000000d5580000,0x00000000d5780000,0x00000000d5780000)
  from space 512K, 87% used [0x00000000d5780000,0x00000000d57f0000,0x00000000d5800000)
  to   space 512K, 0% used [0x00000000d5800000,0x00000000d5800000,0x00000000d5880000)
 ParOldGen       total 250368K, used 250128K [0x0000000080000000, 0x000000008f480000, 0x00000000d5580000)
  object space 250368K, 99% used [0x0000000080000000,0x000000008f444258,0x000000008f480000)
 Metaspace       used 83488K, committed 85312K, reserved 1179648K
  class space    used 8064K, committed 8896K, reserved 1048576K
}
Event: 11594.404 GC heap after
{Heap after GC invocations=3793 (full 9):
 PSYoungGen      total 2560K, used 416K [0x00000000d5580000, 0x00000000d5880000, 0x0000000100000000)
  eden space 2048K, 0% used [0x00000000d5580000,0x00000000d5580000,0x00000000d5780000)
  from space 512K, 81% used [0x00000000d5800000,0x00000000d5868000,0x00000000d5880000)
  to   space 512K, 0% used [0x00000000d5780000,0x00000000d5780000,0x00000000d5800000)
 ParOldGen       total 250880K, used 250420K [0x0000000080000000, 0x000000008f500000, 0x00000000d5580000)
  object space 250880K, 99% used [0x0000000080000000,0x000000008f48d288,0x000000008f500000)
 Metaspace       used 83488K, committed 85312K, reserved 1179648K
  class space    used 8064K, committed 8896K, reserved 1048576K
}
Event: 12890.091 GC heap before
{Heap before GC invocations=3794 (full 9):
 PSYoungGen      total 2560K, used 2463K [0x00000000d5580000, 0x00000000d5880000, 0x0000000100000000)
  eden space 2048K, 99% used [0x00000000d5580000,0x00000000d577ffe0,0x00000000d5780000)
  from space 512K, 81% used [0x00000000d5800000,0x00000000d5868000,0x00000000d5880000)
  to   space 512K, 0% used [0x00000000d5780000,0x00000000d5780000,0x00000000d5800000)
 ParOldGen       total 250880K, used 250420K [0x0000000080000000, 0x000000008f500000, 0x00000000d5580000)
  object space 250880K, 99% used [0x0000000080000000,0x000000008f48d288,0x000000008f500000)
 Metaspace       used 83490K, committed 85312K, reserved 1179648K
  class space    used 8064K, committed 8896K, reserved 1048576K
}
Event: 12890.315 GC heap after
{Heap after GC invocations=3794 (full 9):
 PSYoungGen      total 2560K, used 224K [0x00000000d5580000, 0x00000000d5880000, 0x0000000100000000)
  eden space 2048K, 0% used [0x00000000d5580000,0x00000000d5580000,0x00000000d5780000)
  from space 512K, 43% used [0x00000000d5780000,0x00000000d57b8000,0x00000000d5800000)
  to   space 512K, 0% used [0x00000000d5800000,0x00000000d5800000,0x00000000d5880000)
 ParOldGen       total 250880K, used 250721K [0x0000000080000000, 0x000000008f500000, 0x00000000d5580000)
  object space 250880K, 99% used [0x0000000080000000,0x000000008f4d84c0,0x000000008f500000)
 Metaspace       used 83490K, committed 85312K, reserved 1179648K
  class space    used 8064K, committed 8896K, reserved 1048576K
}
Event: 13324.507 GC heap before
{Heap before GC invocations=3795 (full 9):
 PSYoungGen      total 2560K, used 2266K [0x00000000d5580000, 0x00000000d5880000, 0x0000000100000000)
  eden space 2048K, 99% used [0x00000000d5580000,0x00000000d577e860,0x00000000d5780000)
  from space 512K, 43% used [0x00000000d5780000,0x00000000d57b8000,0x00000000d5800000)
  to   space 512K, 0% used [0x00000000d5800000,0x00000000d5800000,0x00000000d5880000)
 ParOldGen       total 250880K, used 250721K [0x0000000080000000, 0x000000008f500000, 0x00000000d5580000)
  object space 250880K, 99% used [0x0000000080000000,0x000000008f4d84c0,0x000000008f500000)
 Metaspace       used 83492K, committed 85312K, reserved 1179648K
  class space    used 8064K, committed 8896K, reserved 1048576K
}
Event: 13324.642 GC heap after
{Heap after GC invocations=3795 (full 9):
 PSYoungGen      total 2560K, used 192K [0x00000000d5580000, 0x00000000d5880000, 0x0000000100000000)
  eden space 2048K, 0% used [0x00000000d5580000,0x00000000d5580000,0x00000000d5780000)
  from space 512K, 37% used [0x00000000d5800000,0x00000000d5830000,0x00000000d5880000)
  to   space 512K, 0% used [0x00000000d5780000,0x00000000d5780000,0x00000000d5800000)
 ParOldGen       total 250880K, used 250753K [0x0000000080000000, 0x000000008f500000, 0x00000000d5580000)
  object space 250880K, 99% used [0x0000000080000000,0x000000008f4e04c0,0x000000008f500000)
 Metaspace       used 83492K, committed 85312K, reserved 1179648K
  class space    used 8064K, committed 8896K, reserved 1048576K
}

