# JRE version: OpenJDK Runtime Environment Temurin-21.0.11+10 (21.0.11+10) (build 21.0.11+10-LTS)
# Java VM: OpenJDK 64-Bit Server VM Temurin-21.0.11+10 (21.0.11+10-LTS, mixed mode, sharing, tiered, compressed oops, compressed class ptrs, parallel gc, windows-amd64)
GC Precious Log:
 CardTable entry size: 512
 CPUs: 8 total, 8 available
 Memory: 3863M
 Large Page Support: Disabled
 NUMA Support: Disabled
 Compressed Oops: Enabled (32-bit)
 Alignments: Space 512K, Generation 512K, Heap 2M
 Heap Min Capacity: 100M
 Heap Initial Capacity: 100M
 Heap Max Capacity: 2G
 Pre-touch: Disabled
 Parallel Workers: 8
Heap:
 PSYoungGen      total 13824K, used 2586K [0x00000000d5580000, 0x00000000d6480000, 0x0000000100000000)
  eden space 12800K, 13% used [0x00000000d5580000,0x00000000d572ebb0,0x00000000d6200000)
  from space 1024K, 84% used [0x00000000d6380000,0x00000000d6458000,0x00000000d6480000)
  to   space 1024K, 0% used [0x00000000d6280000,0x00000000d6280000,0x00000000d6380000)
 ParOldGen       total 107520K, used 107152K [0x0000000080000000, 0x0000000086900000, 0x00000000d5580000)
  object space 107520K, 99% used [0x0000000080000000,0x00000000868a4000,0x0000000086900000)
 Metaspace       used 66914K, committed 68480K, reserved 1114112K
  class space    used 6836K, committed 7488K, reserved 1048576K
GC Heap History (20 events):
Event: 64.116 GC heap before
{Heap before GC invocations=101 (full 3):
 PSYoungGen      total 16384K, used 15776K [0x00000000d5580000, 0x00000000d6700000, 0x0000000100000000)
  eden space 14848K, 100% used [0x00000000d5580000,0x00000000d6400000,0x00000000d6400000)
  from space 1536K, 60% used [0x00000000d6400000,0x00000000d64e8000,0x00000000d6580000)
  to   space 1536K, 0% used [0x00000000d6580000,0x00000000d6580000,0x00000000d6700000)
 ParOldGen       total 97792K, used 97644K [0x0000000080000000, 0x0000000085f80000, 0x00000000d5580000)
  object space 97792K, 99% used [0x0000000080000000,0x0000000085f5b2a8,0x0000000085f80000)
 Metaspace       used 65865K, committed 67392K, reserved 1114112K
  class space    used 6749K, committed 7424K, reserved 1048576K
}
Event: 64.124 GC heap after
{Heap after GC invocations=101 (full 3):
 PSYoungGen      total 16384K, used 1280K [0x00000000d5580000, 0x00000000d6700000, 0x0000000100000000)
  eden space 14848K, 0% used [0x00000000d5580000,0x00000000d5580000,0x00000000d6400000)
  from space 1536K, 83% used [0x00000000d6580000,0x00000000d66c0000,0x00000000d6700000)
  to   space 1536K, 0% used [0x00000000d6400000,0x00000000d6400000,0x00000000d6580000)
 ParOldGen       total 98816K, used 98440K [0x0000000080000000, 0x0000000086080000, 0x00000000d5580000)
  object space 98816K, 99% used [0x0000000080000000,0x00000000860222f8,0x0000000086080000)
 Metaspace       used 65865K, committed 67392K, reserved 1114112K
  class space    used 6749K, committed 7424K, reserved 1048576K
}
Event: 64.351 GC heap before
{Heap before GC invocations=102 (full 3):
 PSYoungGen      total 16384K, used 16128K [0x00000000d5580000, 0x00000000d6700000, 0x0000000100000000)
  eden space 14848K, 100% used [0x00000000d5580000,0x00000000d6400000,0x00000000d6400000)
  from space 1536K, 83% used [0x00000000d6580000,0x00000000d66c0000,0x00000000d6700000)
  to   space 1536K, 0% used [0x00000000d6400000,0x00000000d6400000,0x00000000d6580000)
 ParOldGen       total 98816K, used 98440K [0x0000000080000000, 0x0000000086080000, 0x00000000d5580000)
  object space 98816K, 99% used [0x0000000080000000,0x00000000860222f8,0x0000000086080000)
 Metaspace       used 65899K, committed 67456K, reserved 1114112K
  class space    used 6750K, committed 7424K, reserved 1048576K
}
Event: 66.559 GC heap after
{Heap after GC invocations=102 (full 3):
 PSYoungGen      total 16384K, used 1521K [0x00000000d5580000, 0x00000000d6700000, 0x0000000100000000)
  eden space 14848K, 0% used [0x00000000d5580000,0x00000000d5580000,0x00000000d6400000)
  from space 1536K, 99% used [0x00000000d6400000,0x00000000d657c580,0x00000000d6580000)
  to   space 1536K, 0% used [0x00000000d6580000,0x00000000d6580000,0x00000000d6700000)
 ParOldGen       total 99840K, used 99642K [0x0000000080000000, 0x0000000086180000, 0x00000000d5580000)
  object space 99840K, 99% used [0x0000000080000000,0x000000008614e9c0,0x0000000086180000)
 Metaspace       used 65899K, committed 67456K, reserved 1114112K
  class space    used 6750K, committed 7424K, reserved 1048576K
}
Event: 66.963 GC heap before
{Heap before GC invocations=103 (full 3):
 PSYoungGen      total 16384K, used 16369K [0x00000000d5580000, 0x00000000d6700000, 0x0000000100000000)
  eden space 14848K, 100% used [0x00000000d5580000,0x00000000d6400000,0x00000000d6400000)
  from space 1536K, 99% used [0x00000000d6400000,0x00000000d657c580,0x00000000d6580000)
  to   space 1536K, 0% used [0x00000000d6580000,0x00000000d6580000,0x00000000d6700000)
 ParOldGen       total 99840K, used 99642K [0x0000000080000000, 0x0000000086180000, 0x00000000d5580000)
  object space 99840K, 99% used [0x0000000080000000,0x000000008614e9c0,0x0000000086180000)
 Metaspace       used 65966K, committed 67456K, reserved 1114112K
  class space    used 6750K, committed 7424K, reserved 1048576K
}
Event: 66.989 GC heap after
{Heap after GC invocations=103 (full 3):
 PSYoungGen      total 15872K, used 1106K [0x00000000d5580000, 0x00000000d6800000, 0x0000000100000000)
  eden space 14336K, 0% used [0x00000000d5580000,0x00000000d5580000,0x00000000d6380000)
  from space 1536K, 72% used [0x00000000d6580000,0x00000000d6694858,0x00000000d6700000)
  to   space 2048K, 0% used [0x00000000d6380000,0x00000000d6380000,0x00000000d6580000)
 ParOldGen       total 100864K, used 100481K [0x0000000080000000, 0x0000000086280000, 0x00000000d5580000)
  object space 100864K, 99% used [0x0000000080000000,0x00000000862204c8,0x0000000086280000)
 Metaspace       used 65966K, committed 67456K, reserved 1114112K
  class space    used 6750K, committed 7424K, reserved 1048576K
}
Event: 67.182 GC heap before
{Heap before GC invocations=104 (full 3):
 PSYoungGen      total 15872K, used 15438K [0x00000000d5580000, 0x00000000d6800000, 0x0000000100000000)
  eden space 14336K, 99% used [0x00000000d5580000,0x00000000d637f188,0x00000000d6380000)
  from space 1536K, 72% used [0x00000000d6580000,0x00000000d6694858,0x00000000d6700000)
  to   space 2048K, 0% used [0x00000000d6380000,0x00000000d6380000,0x00000000d6580000)
 ParOldGen       total 100864K, used 100481K [0x0000000080000000, 0x0000000086280000, 0x00000000d5580000)
  object space 100864K, 99% used [0x0000000080000000,0x00000000862204c8,0x0000000086280000)
 Metaspace       used 66006K, committed 67520K, reserved 1114112K
  class space    used 6750K, committed 7424K, reserved 1048576K
}
Event: 67.186 GC heap after
{Heap after GC invocations=104 (full 3):
 PSYoungGen      total 15360K, used 976K [0x00000000d5580000, 0x00000000d6680000, 0x0000000100000000)
  eden space 14336K, 0% used [0x00000000d5580000,0x00000000d5580000,0x00000000d6380000)
  from space 1024K, 95% used [0x00000000d6380000,0x00000000d6474010,0x00000000d6480000)
  to   space 1536K, 0% used [0x00000000d6500000,0x00000000d6500000,0x00000000d6680000)
 ParOldGen       total 101376K, used 101251K [0x0000000080000000, 0x0000000086300000, 0x00000000d5580000)
  object space 101376K, 99% used [0x0000000080000000,0x00000000862e0c78,0x0000000086300000)
 Metaspace       used 66006K, committed 67520K, reserved 1114112K
  class space    used 6750K, committed 7424K, reserved 1048576K
}
Event: 67.408 GC heap before
{Heap before GC invocations=105 (full 3):
 PSYoungGen      total 15360K, used 15312K [0x00000000d5580000, 0x00000000d6680000, 0x0000000100000000)
  eden space 14336K, 100% used [0x00000000d5580000,0x00000000d6380000,0x00000000d6380000)
  from space 1024K, 95% used [0x00000000d6380000,0x00000000d6474010,0x00000000d6480000)
  to   space 1536K, 0% used [0x00000000d6500000,0x00000000d6500000,0x00000000d6680000)
 ParOldGen       total 101376K, used 101251K [0x0000000080000000, 0x0000000086300000, 0x00000000d5580000)
  object space 101376K, 99% used [0x0000000080000000,0x00000000862e0c78,0x0000000086300000)
 Metaspace       used 66057K, committed 67584K, reserved 1114112K
  class space    used 6751K, committed 7424K, reserved 1048576K
}
Event: 67.417 GC heap after
{Heap after GC invocations=105 (full 3):
 PSYoungGen      total 15872K, used 1392K [0x00000000d5580000, 0x00000000d6680000, 0x0000000100000000)
  eden space 14336K, 0% used [0x00000000d5580000,0x00000000d5580000,0x00000000d6380000)
  from space 1536K, 90% used [0x00000000d6500000,0x00000000d665c010,0x00000000d6680000)
  to   space 1536K, 0% used [0x00000000d6380000,0x00000000d6380000,0x00000000d6500000)
 ParOldGen       total 102400K, used 102032K [0x0000000080000000, 0x0000000086400000, 0x00000000d5580000)
  object space 102400K, 99% used [0x0000000080000000,0x00000000863a4128,0x0000000086400000)
 Metaspace       used 66057K, committed 67584K, reserved 1114112K
  class space    used 6751K, committed 7424K, reserved 1048576K
}
Event: 67.634 GC heap before
{Heap before GC invocations=106 (full 3):
 PSYoungGen      total 15872K, used 15728K [0x00000000d5580000, 0x00000000d6680000, 0x0000000100000000)
  eden space 14336K, 100% used [0x00000000d5580000,0x00000000d6380000,0x00000000d6380000)
  from space 1536K, 90% used [0x00000000d6500000,0x00000000d665c010,0x00000000d6680000)
  to   space 1536K, 0% used [0x00000000d6380000,0x00000000d6380000,0x00000000d6500000)
 ParOldGen       total 102400K, used 102032K [0x0000000080000000, 0x0000000086400000, 0x00000000d5580000)
  object space 102400K, 99% used [0x0000000080000000,0x00000000863a4128,0x0000000086400000)
 Metaspace       used 66110K, committed 67648K, reserved 1114112K
  class space    used 6755K, committed 7424K, reserved 1048576K
}
Event: 67.639 GC heap after
{Heap after GC invocations=106 (full 3):
 PSYoungGen      total 15872K, used 1042K [0x00000000d5580000, 0x00000000d6680000, 0x0000000100000000)
  eden space 14336K, 0% used [0x00000000d5580000,0x00000000d5580000,0x00000000d6380000)
  from space 1536K, 67% used [0x00000000d6380000,0x00000000d6484ae0,0x00000000d6500000)
  to   space 1536K, 0% used [0x00000000d6500000,0x00000000d6500000,0x00000000d6680000)
 ParOldGen       total 103424K, used 103065K [0x0000000080000000, 0x0000000086500000, 0x00000000d5580000)
  object space 103424K, 99% used [0x0000000080000000,0x00000000864a67c8,0x0000000086500000)
 Metaspace       used 66110K, committed 67648K, reserved 1114112K
  class space    used 6755K, committed 7424K, reserved 1048576K
}
Event: 67.798 GC heap before
{Heap before GC invocations=107 (full 3):
 PSYoungGen      total 15872K, used 15378K [0x00000000d5580000, 0x00000000d6680000, 0x0000000100000000)
  eden space 14336K, 99% used [0x00000000d5580000,0x00000000d637ffe0,0x00000000d6380000)
  from space 1536K, 67% used [0x00000000d6380000,0x00000000d6484ae0,0x00000000d6500000)
  to   space 1536K, 0% used [0x00000000d6500000,0x00000000d6500000,0x00000000d6680000)
 ParOldGen       total 103424K, used 103065K [0x0000000080000000, 0x0000000086500000, 0x00000000d5580000)
  object space 103424K, 99% used [0x0000000080000000,0x00000000864a67c8,0x0000000086500000)
 Metaspace       used 66172K, committed 67712K, reserved 1114112K
  class space    used 6755K, committed 7424K, reserved 1048576K
}
Event: 67.805 GC heap after
{Heap after GC invocations=107 (full 3):
 PSYoungGen      total 14336K, used 1520K [0x00000000d5580000, 0x00000000d6980000, 0x0000000100000000)
  eden space 12800K, 0% used [0x00000000d5580000,0x00000000d5580000,0x00000000d6200000)
  from space 1536K, 98% used [0x00000000d6500000,0x00000000d667c030,0x00000000d6680000)
  to   space 3072K, 0% used [0x00000000d6200000,0x00000000d6200000,0x00000000d6500000)
 ParOldGen       total 103936K, used 103899K [0x0000000080000000, 0x0000000086580000, 0x00000000d5580000)
  object space 103936K, 99% used [0x0000000080000000,0x0000000086576ca8,0x0000000086580000)
 Metaspace       used 66172K, committed 67712K, reserved 1114112K
  class space    used 6755K, committed 7424K, reserved 1048576K
}
Event: 68.006 GC heap before
{Heap before GC invocations=108 (full 3):
 PSYoungGen      total 14336K, used 14320K [0x00000000d5580000, 0x00000000d6980000, 0x0000000100000000)
  eden space 12800K, 100% used [0x00000000d5580000,0x00000000d6200000,0x00000000d6200000)
  from space 1536K, 98% used [0x00000000d6500000,0x00000000d667c030,0x00000000d6680000)
  to   space 3072K, 0% used [0x00000000d6200000,0x00000000d6200000,0x00000000d6500000)
 ParOldGen       total 103936K, used 103899K [0x0000000080000000, 0x0000000086580000, 0x00000000d5580000)
  object space 103936K, 99% used [0x0000000080000000,0x0000000086576ca8,0x0000000086580000)
 Metaspace       used 66199K, committed 67776K, reserved 1114112K
  class space    used 6757K, committed 7424K, reserved 1048576K
}
Event: 68.012 GC heap after
{Heap after GC invocations=108 (full 3):
 PSYoungGen      total 14336K, used 1460K [0x00000000d5580000, 0x00000000d6600000, 0x0000000100000000)
  eden space 12800K, 0% used [0x00000000d5580000,0x00000000d5580000,0x00000000d6200000)
  from space 1536K, 95% used [0x00000000d6200000,0x00000000d636d1f0,0x00000000d6380000)
  to   space 2048K, 0% used [0x00000000d6400000,0x00000000d6400000,0x00000000d6600000)
 ParOldGen       total 104960K, used 104921K [0x0000000080000000, 0x0000000086680000, 0x00000000d5580000)
  object space 104960K, 99% used [0x0000000080000000,0x0000000086676448,0x0000000086680000)
 Metaspace       used 66199K, committed 67776K, reserved 1114112K
  class space    used 6757K, committed 7424K, reserved 1048576K
}
Event: 68.335 GC heap before
{Heap before GC invocations=109 (full 3):
 PSYoungGen      total 14336K, used 14260K [0x00000000d5580000, 0x00000000d6600000, 0x0000000100000000)
  eden space 12800K, 100% used [0x00000000d5580000,0x00000000d6200000,0x00000000d6200000)
  from space 1536K, 95% used [0x00000000d6200000,0x00000000d636d1f0,0x00000000d6380000)
  to   space 2048K, 0% used [0x00000000d6400000,0x00000000d6400000,0x00000000d6600000)
 ParOldGen       total 104960K, used 104921K [0x0000000080000000, 0x0000000086680000, 0x00000000d5580000)
  object space 104960K, 99% used [0x0000000080000000,0x0000000086676448,0x0000000086680000)
 Metaspace       used 66300K, committed 67840K, reserved 1114112K
  class space    used 6761K, committed 7424K, reserved 1048576K
}
Event: 68.342 GC heap after
{Heap after GC invocations=109 (full 3):
 PSYoungGen      total 14848K, used 1588K [0x00000000d5580000, 0x00000000d6600000, 0x0000000100000000)
  eden space 12800K, 0% used [0x00000000d5580000,0x00000000d5580000,0x00000000d6200000)
  from space 2048K, 77% used [0x00000000d6400000,0x00000000d658d200,0x00000000d6600000)
  to   space 2048K, 0% used [0x00000000d6200000,0x00000000d6200000,0x00000000d6400000)
 ParOldGen       total 105984K, used 105702K [0x0000000080000000, 0x0000000086780000, 0x00000000d5580000)
  object space 105984K, 99% used [0x0000000080000000,0x00000000867398f8,0x0000000086780000)
 Metaspace       used 66300K, committed 67840K, reserved 1114112K
  class space    used 6761K, committed 7424K, reserved 1048576K
}
Event: 71.845 GC heap before
{Heap before GC invocations=110 (full 3):
 PSYoungGen      total 14848K, used 14388K [0x00000000d5580000, 0x00000000d6600000, 0x0000000100000000)
  eden space 12800K, 100% used [0x00000000d5580000,0x00000000d6200000,0x00000000d6200000)
  from space 2048K, 77% used [0x00000000d6400000,0x00000000d658d200,0x00000000d6600000)
  to   space 2048K, 0% used [0x00000000d6200000,0x00000000d6200000,0x00000000d6400000)
 ParOldGen       total 105984K, used 105702K [0x0000000080000000, 0x0000000086780000, 0x00000000d5580000)
  object space 105984K, 99% used [0x0000000080000000,0x00000000867398f8,0x0000000086780000)
 Metaspace       used 66375K, committed 67968K, reserved 1114112K
  class space    used 6768K, committed 7424K, reserved 1048576K
}
Event: 71.850 GC heap after
{Heap after GC invocations=110 (full 3):
 PSYoungGen      total 14336K, used 1196K [0x00000000d5580000, 0x00000000d6500000, 0x0000000100000000)
  eden space 12800K, 0% used [0x00000000d5580000,0x00000000d5580000,0x00000000d6200000)
  from space 1536K, 77% used [0x00000000d6200000,0x00000000d632b068,0x00000000d6380000)
  to   space 1536K, 0% used [0x00000000d6380000,0x00000000d6380000,0x00000000d6500000)
 ParOldGen       total 107008K, used 106530K [0x0000000080000000, 0x0000000086880000, 0x00000000d5580000)
  object space 107008K, 99% used [0x0000000080000000,0x0000000086808af8,0x0000000086880000)
 Metaspace       used 66375K, committed 67968K, reserved 1114112K
  class space    used 6768K, committed 7424K, reserved 1048576K
}

