# JRE version: OpenJDK Runtime Environment Temurin-21.0.11+10 (21.0.11+10) (build 21.0.11+10-LTS)
# Java VM: OpenJDK 64-Bit Server VM Temurin-21.0.11+10 (21.0.11+10-LTS, mixed mode, sharing, tiered, compressed oops, compressed class ptrs, parallel gc, windows-amd64)
GC Precious Log:
 CardTable entry size: 512
 CPUs: 8 total, 8 available
 Memory: 3863M
 Large Page Support: Disabled
 NUMA Support: Disabled
 Compressed Oops: Enabled (32-bit)
 Alignments: Space 512K, Generation 512K, Heap 2M
 Heap Min Capacity: 100M
 Heap Initial Capacity: 100M
 Heap Max Capacity: 2G
 Pre-touch: Disabled
 Parallel Workers: 8
Heap:
 PSYoungGen      total 19456K, used 15538K [0x00000000d5580000, 0x00000000d6b80000, 0x0000000100000000)
  eden space 18432K, 84% used [0x00000000d5580000,0x00000000d64ac908,0x00000000d6780000)
  from space 1024K, 0% used [0x00000000d6a00000,0x00000000d6a00000,0x00000000d6b00000)
  to   space 2048K, 0% used [0x00000000d6780000,0x00000000d6780000,0x00000000d6980000)
 ParOldGen       total 85504K, used 66205K [0x0000000080000000, 0x0000000085380000, 0x00000000d5580000)
  object space 85504K, 77% used [0x0000000080000000,0x00000000840a7640,0x0000000085380000)
 Metaspace       used 59214K, committed 60608K, reserved 1114112K
  class space    used 6341K, committed 6976K, reserved 1048576K
GC Heap History (20 events):
Event: 734.834 GC heap before
{Heap before GC invocations=62 (full 2):
 PSYoungGen      total 18944K, used 18944K [0x00000000d5580000, 0x00000000d6980000, 0x0000000100000000)
  eden space 18432K, 100% used [0x00000000d5580000,0x00000000d6780000,0x00000000d6780000)
  from space 512K, 100% used [0x00000000d6800000,0x00000000d6880000,0x00000000d6880000)
  to   space 1024K, 0% used [0x00000000d6880000,0x00000000d6880000,0x00000000d6980000)
 ParOldGen       total 79360K, used 79264K [0x0000000080000000, 0x0000000084d80000, 0x00000000d5580000)
  object space 79360K, 99% used [0x0000000080000000,0x0000000084d68068,0x0000000084d80000)
 Metaspace       used 54258K, committed 55680K, reserved 1114112K
  class space    used 5776K, committed 6400K, reserved 1048576K
}
Event: 734.837 GC heap after
{Heap after GC invocations=62 (full 2):
 PSYoungGen      total 19456K, used 416K [0x00000000d5580000, 0x00000000d6980000, 0x0000000100000000)
  eden space 18432K, 0% used [0x00000000d5580000,0x00000000d5580000,0x00000000d6780000)
  from space 1024K, 40% used [0x00000000d6880000,0x00000000d68e8000,0x00000000d6980000)
  to   space 1024K, 0% used [0x00000000d6780000,0x00000000d6780000,0x00000000d6880000)
 ParOldGen       total 79872K, used 79704K [0x0000000080000000, 0x0000000084e00000, 0x00000000d5580000)
  object space 79872K, 99% used [0x0000000080000000,0x0000000084dd6068,0x0000000084e00000)
 Metaspace       used 54258K, committed 55680K, reserved 1114112K
  class space    used 5776K, committed 6400K, reserved 1048576K
}
Event: 734.983 GC heap before
{Heap before GC invocations=63 (full 2):
 PSYoungGen      total 19456K, used 18848K [0x00000000d5580000, 0x00000000d6980000, 0x0000000100000000)
  eden space 18432K, 100% used [0x00000000d5580000,0x00000000d6780000,0x00000000d6780000)
  from space 1024K, 40% used [0x00000000d6880000,0x00000000d68e8000,0x00000000d6980000)
  to   space 1024K, 0% used [0x00000000d6780000,0x00000000d6780000,0x00000000d6880000)
 ParOldGen       total 79872K, used 79704K [0x0000000080000000, 0x0000000084e00000, 0x00000000d5580000)
  object space 79872K, 99% used [0x0000000080000000,0x0000000084dd6068,0x0000000084e00000)
 Metaspace       used 54259K, committed 55680K, reserved 1114112K
  class space    used 5776K, committed 6400K, reserved 1048576K
}
Event: 734.986 GC heap after
{Heap after GC invocations=63 (full 2):
 PSYoungGen      total 19456K, used 1008K [0x00000000d5580000, 0x00000000d6b80000, 0x0000000100000000)
  eden space 18432K, 0% used [0x00000000d5580000,0x00000000d5580000,0x00000000d6780000)
  from space 1024K, 98% used [0x00000000d6780000,0x00000000d687c000,0x00000000d6880000)
  to   space 2048K, 0% used [0x00000000d6980000,0x00000000d6980000,0x00000000d6b80000)
 ParOldGen       total 80384K, used 80264K [0x0000000080000000, 0x0000000084e80000, 0x00000000d5580000)
  object space 80384K, 99% used [0x0000000080000000,0x0000000084e62078,0x0000000084e80000)
 Metaspace       used 54259K, committed 55680K, reserved 1114112K
  class space    used 5776K, committed 6400K, reserved 1048576K
}
Event: 735.067 GC heap before
{Heap before GC invocations=64 (full 2):
 PSYoungGen      total 19456K, used 19439K [0x00000000d5580000, 0x00000000d6b80000, 0x0000000100000000)
  eden space 18432K, 99% used [0x00000000d5580000,0x00000000d677fff0,0x00000000d6780000)
  from space 1024K, 98% used [0x00000000d6780000,0x00000000d687c000,0x00000000d6880000)
  to   space 2048K, 0% used [0x00000000d6980000,0x00000000d6980000,0x00000000d6b80000)
 ParOldGen       total 80384K, used 80264K [0x0000000080000000, 0x0000000084e80000, 0x00000000d5580000)
  object space 80384K, 99% used [0x0000000080000000,0x0000000084e62078,0x0000000084e80000)
 Metaspace       used 54261K, committed 55680K, reserved 1114112K
  class space    used 5776K, committed 6400K, reserved 1048576K
}
Event: 735.072 GC heap after
{Heap after GC invocations=64 (full 2):
 PSYoungGen      total 19456K, used 576K [0x00000000d5580000, 0x00000000d6a80000, 0x0000000100000000)
  eden space 18432K, 0% used [0x00000000d5580000,0x00000000d5580000,0x00000000d6780000)
  from space 1024K, 56% used [0x00000000d6980000,0x00000000d6a10000,0x00000000d6a80000)
  to   space 1024K, 0% used [0x00000000d6780000,0x00000000d6780000,0x00000000d6880000)
 ParOldGen       total 81920K, used 81272K [0x0000000080000000, 0x0000000085000000, 0x00000000d5580000)
  object space 81920K, 99% used [0x0000000080000000,0x0000000084f5e078,0x0000000085000000)
 Metaspace       used 54261K, committed 55680K, reserved 1114112K
  class space    used 5776K, committed 6400K, reserved 1048576K
}
Event: 735.185 GC heap before
{Heap before GC invocations=65 (full 2):
 PSYoungGen      total 19456K, used 19008K [0x00000000d5580000, 0x00000000d6a80000, 0x0000000100000000)
  eden space 18432K, 100% used [0x00000000d5580000,0x00000000d6780000,0x00000000d6780000)
  from space 1024K, 56% used [0x00000000d6980000,0x00000000d6a10000,0x00000000d6a80000)
  to   space 1024K, 0% used [0x00000000d6780000,0x00000000d6780000,0x00000000d6880000)
 ParOldGen       total 81920K, used 81272K [0x0000000080000000, 0x0000000085000000, 0x00000000d5580000)
  object space 81920K, 99% used [0x0000000080000000,0x0000000084f5e078,0x0000000085000000)
 Metaspace       used 54289K, committed 55680K, reserved 1114112K
  class space    used 5776K, committed 6400K, reserved 1048576K
}
Event: 735.187 GC heap after
{Heap after GC invocations=65 (full 2):
 PSYoungGen      total 19456K, used 480K [0x00000000d5580000, 0x00000000d6a00000, 0x0000000100000000)
  eden space 18432K, 0% used [0x00000000d5580000,0x00000000d5580000,0x00000000d6780000)
  from space 1024K, 46% used [0x00000000d6780000,0x00000000d67f8000,0x00000000d6880000)
  to   space 1024K, 0% used [0x00000000d6900000,0x00000000d6900000,0x00000000d6a00000)
 ParOldGen       total 81920K, used 81760K [0x0000000080000000, 0x0000000085000000, 0x00000000d5580000)
  object space 81920K, 99% used [0x0000000080000000,0x0000000084fd8078,0x0000000085000000)
 Metaspace       used 54289K, committed 55680K, reserved 1114112K
  class space    used 5776K, committed 6400K, reserved 1048576K
}
Event: 735.340 GC heap before
{Heap before GC invocations=66 (full 2):
 PSYoungGen      total 19456K, used 18912K [0x00000000d5580000, 0x00000000d6a00000, 0x0000000100000000)
  eden space 18432K, 100% used [0x00000000d5580000,0x00000000d6780000,0x00000000d6780000)
  from space 1024K, 46% used [0x00000000d6780000,0x00000000d67f8000,0x00000000d6880000)
  to   space 1024K, 0% used [0x00000000d6900000,0x00000000d6900000,0x00000000d6a00000)
 ParOldGen       total 81920K, used 81760K [0x0000000080000000, 0x0000000085000000, 0x00000000d5580000)
  object space 81920K, 99% used [0x0000000080000000,0x0000000084fd8078,0x0000000085000000)
 Metaspace       used 54399K, committed 55808K, reserved 1114112K
  class space    used 5787K, committed 6400K, reserved 1048576K
}
Event: 735.344 GC heap after
{Heap after GC invocations=66 (full 2):
 PSYoungGen      total 19456K, used 832K [0x00000000d5580000, 0x00000000d6a00000, 0x0000000100000000)
  eden space 18432K, 0% used [0x00000000d5580000,0x00000000d5580000,0x00000000d6780000)
  from space 1024K, 81% used [0x00000000d6900000,0x00000000d69d0000,0x00000000d6a00000)
  to   space 1024K, 0% used [0x00000000d6780000,0x00000000d6780000,0x00000000d6880000)
 ParOldGen       total 82432K, used 82144K [0x0000000080000000, 0x0000000085080000, 0x00000000d5580000)
  object space 82432K, 99% used [0x0000000080000000,0x0000000085038078,0x0000000085080000)
 Metaspace       used 54399K, committed 55808K, reserved 1114112K
  class space    used 5787K, committed 6400K, reserved 1048576K
}
Event: 735.693 GC heap before
{Heap before GC invocations=67 (full 2):
 PSYoungGen      total 19456K, used 19264K [0x00000000d5580000, 0x00000000d6a00000, 0x0000000100000000)
  eden space 18432K, 100% used [0x00000000d5580000,0x00000000d6780000,0x00000000d6780000)
  from space 1024K, 81% used [0x00000000d6900000,0x00000000d69d0000,0x00000000d6a00000)
  to   space 1024K, 0% used [0x00000000d6780000,0x00000000d6780000,0x00000000d6880000)
 ParOldGen       total 82432K, used 82144K [0x0000000080000000, 0x0000000085080000, 0x00000000d5580000)
  object space 82432K, 99% used [0x0000000080000000,0x0000000085038078,0x0000000085080000)
 Metaspace       used 55080K, committed 56512K, reserved 1114112K
  class space    used 5836K, committed 6464K, reserved 1048576K
}
Event: 735.698 GC heap after
{Heap after GC invocations=67 (full 2):
 PSYoungGen      total 19456K, used 992K [0x00000000d5580000, 0x00000000d6d80000, 0x0000000100000000)
  eden space 18432K, 0% used [0x00000000d5580000,0x00000000d5580000,0x00000000d6780000)
  from space 1024K, 96% used [0x00000000d6780000,0x00000000d6878010,0x00000000d6880000)
  to   space 3072K, 0% used [0x00000000d6a80000,0x00000000d6a80000,0x00000000d6d80000)
 ParOldGen       total 83968K, used 83520K [0x0000000080000000, 0x0000000085200000, 0x00000000d5580000)
  object space 83968K, 99% used [0x0000000080000000,0x0000000085190078,0x0000000085200000)
 Metaspace       used 55080K, committed 56512K, reserved 1114112K
  class space    used 5836K, committed 6464K, reserved 1048576K
}
Event: 736.859 GC heap before
{Heap before GC invocations=68 (full 2):
 PSYoungGen      total 19456K, used 19424K [0x00000000d5580000, 0x00000000d6d80000, 0x0000000100000000)
  eden space 18432K, 100% used [0x00000000d5580000,0x00000000d6780000,0x00000000d6780000)
  from space 1024K, 96% used [0x00000000d6780000,0x00000000d6878010,0x00000000d6880000)
  to   space 3072K, 0% used [0x00000000d6a80000,0x00000000d6a80000,0x00000000d6d80000)
 ParOldGen       total 83968K, used 83520K [0x0000000080000000, 0x0000000085200000, 0x00000000d5580000)
  object space 83968K, 99% used [0x0000000080000000,0x0000000085190078,0x0000000085200000)
 Metaspace       used 56489K, committed 57920K, reserved 1114112K
  class space    used 6060K, committed 6720K, reserved 1048576K
}
Event: 736.863 GC heap after
{Heap after GC invocations=68 (full 2):
 PSYoungGen      total 19456K, used 600K [0x00000000d5580000, 0x00000000d6b80000, 0x0000000100000000)
  eden space 18432K, 0% used [0x00000000d5580000,0x00000000d5580000,0x00000000d6780000)
  from space 1024K, 58% used [0x00000000d6a80000,0x00000000d6b162f8,0x00000000d6b80000)
  to   space 1536K, 0% used [0x00000000d6880000,0x00000000d6880000,0x00000000d6a00000)
 ParOldGen       total 84992K, used 84491K [0x0000000080000000, 0x0000000085300000, 0x00000000d5580000)
  object space 84992K, 99% used [0x0000000080000000,0x0000000085282d68,0x0000000085300000)
 Metaspace       used 56489K, committed 57920K, reserved 1114112K
  class space    used 6060K, committed 6720K, reserved 1048576K
}
Event: 737.787 GC heap before
{Heap before GC invocations=69 (full 2):
 PSYoungGen      total 19456K, used 19032K [0x00000000d5580000, 0x00000000d6b80000, 0x0000000100000000)
  eden space 18432K, 100% used [0x00000000d5580000,0x00000000d6780000,0x00000000d6780000)
  from space 1024K, 58% used [0x00000000d6a80000,0x00000000d6b162f8,0x00000000d6b80000)
  to   space 1536K, 0% used [0x00000000d6880000,0x00000000d6880000,0x00000000d6a00000)
 ParOldGen       total 84992K, used 84491K [0x0000000080000000, 0x0000000085300000, 0x00000000d5580000)
  object space 84992K, 99% used [0x0000000080000000,0x0000000085282d68,0x0000000085300000)
 Metaspace       used 57476K, committed 58880K, reserved 1114112K
  class space    used 6159K, committed 6784K, reserved 1048576K
}
Event: 737.790 GC heap after
{Heap after GC invocations=69 (full 2):
 PSYoungGen      total 19968K, used 640K [0x00000000d5580000, 0x00000000d6b00000, 0x0000000100000000)
  eden space 18432K, 0% used [0x00000000d5580000,0x00000000d5580000,0x00000000d6780000)
  from space 1536K, 41% used [0x00000000d6880000,0x00000000d6920010,0x00000000d6a00000)
  to   space 1024K, 0% used [0x00000000d6a00000,0x00000000d6a00000,0x00000000d6b00000)
 ParOldGen       total 84992K, used 84934K [0x0000000080000000, 0x0000000085300000, 0x00000000d5580000)
  object space 84992K, 99% used [0x0000000080000000,0x00000000852f1a90,0x0000000085300000)
 Metaspace       used 57476K, committed 58880K, reserved 1114112K
  class space    used 6159K, committed 6784K, reserved 1048576K
}
Event: 738.630 GC heap before
{Heap before GC invocations=70 (full 2):
 PSYoungGen      total 19968K, used 12612K [0x00000000d5580000, 0x00000000d6b00000, 0x0000000100000000)
  eden space 18432K, 64% used [0x00000000d5580000,0x00000000d6131260,0x00000000d6780000)
  from space 1536K, 41% used [0x00000000d6880000,0x00000000d6920010,0x00000000d6a00000)
  to   space 1024K, 0% used [0x00000000d6a00000,0x00000000d6a00000,0x00000000d6b00000)
 ParOldGen       total 84992K, used 84934K [0x0000000080000000, 0x0000000085300000, 0x00000000d5580000)
  object space 84992K, 99% used [0x0000000080000000,0x00000000852f1a90,0x0000000085300000)
 Metaspace       used 58358K, committed 59776K, reserved 1114112K
  class space    used 6253K, committed 6912K, reserved 1048576K
}
Event: 738.640 GC heap after
{Heap after GC invocations=70 (full 2):
 PSYoungGen      total 19456K, used 1024K [0x00000000d5580000, 0x00000000d6b80000, 0x0000000100000000)
  eden space 18432K, 0% used [0x00000000d5580000,0x00000000d5580000,0x00000000d6780000)
  from space 1024K, 100% used [0x00000000d6a00000,0x00000000d6b00000,0x00000000d6b00000)
  to   space 2048K, 0% used [0x00000000d6780000,0x00000000d6780000,0x00000000d6980000)
 ParOldGen       total 85504K, used 85492K [0x0000000080000000, 0x0000000085380000, 0x00000000d5580000)
  object space 85504K, 99% used [0x0000000080000000,0x000000008537d140,0x0000000085380000)
 Metaspace       used 58358K, committed 59776K, reserved 1114112K
  class space    used 6253K, committed 6912K, reserved 1048576K
}
Event: 738.640 GC heap before
{Heap before GC invocations=71 (full 3):
 PSYoungGen      total 19456K, used 1024K [0x00000000d5580000, 0x00000000d6b80000, 0x0000000100000000)
  eden space 18432K, 0% used [0x00000000d5580000,0x00000000d5580000,0x00000000d6780000)
  from space 1024K, 100% used [0x00000000d6a00000,0x00000000d6b00000,0x00000000d6b00000)
  to   space 2048K, 0% used [0x00000000d6780000,0x00000000d6780000,0x00000000d6980000)
 ParOldGen       total 85504K, used 85492K [0x0000000080000000, 0x0000000085380000, 0x00000000d5580000)
  object space 85504K, 99% used [0x0000000080000000,0x000000008537d140,0x0000000085380000)
 Metaspace       used 58358K, committed 59776K, reserved 1114112K
  class space    used 6253K, committed 6912K, reserved 1048576K
}
Event: 740.673 GC heap after
{Heap after GC invocations=71 (full 3):
 PSYoungGen      total 19456K, used 0K [0x00000000d5580000, 0x00000000d6b80000, 0x0000000100000000)
  eden space 18432K, 0% used [0x00000000d5580000,0x00000000d5580000,0x00000000d6780000)
  from space 1024K, 0% used [0x00000000d6a00000,0x00000000d6a00000,0x00000000d6b00000)
  to   space 2048K, 0% used [0x00000000d6780000,0x00000000d6780000,0x00000000d6980000)
 ParOldGen       total 85504K, used 66205K [0x0000000080000000, 0x0000000085380000, 0x00000000d5580000)
  object space 85504K, 77% used [0x0000000080000000,0x00000000840a7640,0x0000000085380000)
 Metaspace       used 58351K, committed 59776K, reserved 1114112K
  class space    used 6251K, committed 6912K, reserved 1048576K
}

